<?xml version="1.0" encoding="UTF-8" ?>
<testsuite tests="8" failures="0" name="com.game.controller.GetCountTest" time="0" errors="0" skipped="0">
  <properties>
[...]
</properties>
  <testcase classname="com.game.controller.GetCountTest" name="getCountWithFiltersMinLevelMinExperience" time="0"/>
  <testcase classname="com.game.controller.GetCountTest" name="getCountWithFiltersNameAfterMaxLevel" time="0"/>
  <testcase classname="com.game.controller.GetCountTest" name="getCountWithFiltersTitle" time="0"/>
  <testcase classname="com.game.controller.GetCountTest" name="getCountWithFiltersRaceProfessionMaxExperience" time="0"/>
  <testcase classname="com.game.controller.GetCountTest" name="getCountWithFiltersRaceProfessionBanned" time="0"/>
  <testcase classname="com.game.controller.GetCountTest" name="getCountWithFiltersRaceProfessionBefore" time="0"/>
  <testcase classname="com.game.controller.GetCountTest" name="getCountWithoutFiltersReturnAllPlayers" time="0"/>
  <testcase classname="com.game.controller.GetCountTest" name="getCountWithFiltersBanned" time="0"/>
</testsuite>